<?xml version="1.0" encoding="UTF-8"?>
<testsuite xmlns:xsi="http://www.w3.org/2001/XMLSchema-instance" xsi:noNamespaceSchemaLocation="https://maven.apache.org/surefire/maven-surefire-plugin/xsd/surefire-test-report-3.0.xsd" version="3.0" name="WordCountTest" time="0.44" tests="5" errors="0" skipped="0" failures="0">
  <properties>
[...]
</properties>
  <testcase name="it_should_return_size_seven" classname="WordCountTest" time="0.325"/>
  <testcase name="it_should_return_size_one" classname="WordCountTest" time="0.005"/>
  <testcase name="it_should_return_size_six" classname="WordCountTest" time="0.002"/>
  <testcase name="it_should_return_size_four" classname="WordCountTest" time="0.002"/>
  <testcase name="it_should_return_throw_illegal_exception" classname="WordCountTest" time="0.037"/>
</testsuite>